<?xml version="1.0" encoding="UTF-8"?>
<!-- Generated by org.testng.reporters.JUnitXMLReporter -->
<testsuite ignored="0" hostname="LAPTOP-NS40HST8" failures="0" tests="4" name="Default test" time="251.516" errors="0" timestamp="2021-07-14T15:35:24 IST">
  <testcase classname="com.unacademy.testng.NewTest" name="choosingGoalInClass6To12" time="50.735"/>
  <testcase classname="com.unacademy.testng.NewTest" name="choosingGoalInClass6To12" time="50.389"/>
  <testcase classname="com.unacademy.testng.NewTest" name="choosingGoalInCompitativeExams" time="53.445"/>
  <testcase classname="com.unacademy.testng.NewTest" name="choosingGoalInCompitativeExams" time="52.808"/>
</testsuite> <!-- Default test -->
